[handleMsg]:  {
  key: {
    remoteJid: '51928113894@s.whatsapp.net',
    fromMe: false,
    id: '3EB08CC0590C2EBF924C',
    participant: undefined
  },
  messageTimestamp: 1676880388,
  pushName: 'Waldir Marquez',
  message: Message {
    conversation: 'ole',
    messageContextInfo: MessageContextInfo {
      deviceListMetadata: [DeviceListMetadata],
      deviceListMetadataVersion: 2
    }
  },
  body: 'ole',
  from: '51928113894'
}
[handleMsg]:  {
  key: {
    remoteJid: '51928113894@s.whatsapp.net',
    fromMe: false,
    id: '3EB0176BF17E9E92D47A',
    participant: undefined
  },
  messageTimestamp: 1676880390,
  pushName: 'Waldir Marquez',
  message: Message {
    messageContextInfo: MessageContextInfo {
      deviceListMetadata: [DeviceListMetadata],
      deviceListMetadataVersion: 2
    },
    buttonsResponseMessage: ButtonsResponseMessage {
      selectedButtonId: 'id-btn-1',
      selectedDisplayText: 'Cat치logo de productos游띐',
      contextInfo: [ContextInfo],
      type: 1
    }
  },
  body: 'Cat치logo de productos游띐',
  from: '51928113894'
}
[handleMsg]:  {
  key: {
    remoteJid: '51928113894@s.whatsapp.net',
    fromMe: false,
    id: '3EB075B8565FEB0F9E58',
    participant: undefined
  },
  messageTimestamp: 1676880395,
  pushName: 'Waldir Marquez',
  message: Message {
    messageContextInfo: MessageContextInfo {
      deviceListMetadata: [DeviceListMetadata],
      deviceListMetadataVersion: 2
    },
    buttonsResponseMessage: ButtonsResponseMessage {
      selectedButtonId: 'id-btn-0',
      selectedDisplayText: 'Comprar EndulVida游',
      contextInfo: [ContextInfo],
      type: 1
    }
  },
  body: 'Comprar EndulVida游',
  from: '51928113894'
}
[handleMsg]:  {
  key: {
    remoteJid: '51928113894@s.whatsapp.net',
    fromMe: false,
    id: '3EB032D5159DE84F3844',
    participant: undefined
  },
  messageTimestamp: 1676880399,
  pushName: 'Waldir Marquez',
  message: Message {
    messageContextInfo: MessageContextInfo {
      deviceListMetadata: [DeviceListMetadata],
      deviceListMetadataVersion: 2
    },
    buttonsResponseMessage: ButtonsResponseMessage {
      selectedButtonId: 'id-btn-0',
      selectedDisplayText: 'Postres游꼹',
      contextInfo: [ContextInfo],
      type: 1
    }
  },
  body: 'Postres游꼹',
  from: '51928113894'
}
[handleMsg]:  {
  key: {
    remoteJid: '51928113894@s.whatsapp.net',
    fromMe: false,
    id: '3EB0121E1F36E25D3410',
    participant: undefined
  },
  messageTimestamp: 1676880402,
  pushName: 'Waldir Marquez',
  message: Message {
    messageContextInfo: MessageContextInfo {
      deviceListMetadata: [DeviceListMetadata],
      deviceListMetadataVersion: 2
    },
    buttonsResponseMessage: ButtonsResponseMessage {
      selectedButtonId: 'id-btn-1',
      selectedDisplayText: 'Stevia en Pote游볛游',
      contextInfo: [ContextInfo],
      type: 1
    }
  },
  body: 'Stevia en Pote游볛游',
  from: '51928113894'
}
[handleMsg]:  {
  key: {
    remoteJid: '51928113894@s.whatsapp.net',
    fromMe: false,
    id: '3EB05933D225C6AED696',
    participant: undefined
  },
  messageTimestamp: 1676880405,
  pushName: 'Waldir Marquez',
  message: Message {
    messageContextInfo: MessageContextInfo {
      deviceListMetadata: [DeviceListMetadata],
      deviceListMetadataVersion: 2
    },
    buttonsResponseMessage: ButtonsResponseMessage {
      selectedButtonId: 'id-btn-2',
      selectedDisplayText: 'Stevia en Sachets游닍游',
      contextInfo: [ContextInfo],
      type: 1
    }
  },
  body: 'Stevia en Sachets游닍游',
  from: '51928113894'
}
[handleMsg]:  {
  key: {
    remoteJid: '51928113894@s.whatsapp.net',
    fromMe: false,
    id: '3EB0E65CFA61068919A3',
    participant: undefined
  },
  messageTimestamp: 1676880410,
  pushName: 'Waldir Marquez',
  message: Message {
    conversation: 'hi',
    messageContextInfo: MessageContextInfo {
      deviceListMetadata: [DeviceListMetadata],
      deviceListMetadataVersion: 2
    }
  },
  body: 'hi',
  from: '51928113894'
}
[handleMsg]:  {
  key: {
    remoteJid: '51928113894@s.whatsapp.net',
    fromMe: false,
    id: '3EB0790C05E15E053A6B',
    participant: undefined
  },
  messageTimestamp: 1676880415,
  pushName: 'Waldir Marquez',
  message: Message {
    messageContextInfo: MessageContextInfo {
      deviceListMetadata: [DeviceListMetadata],
      deviceListMetadataVersion: 2
    },
    buttonsResponseMessage: ButtonsResponseMessage {
      selectedButtonId: 'id-btn-0',
      selectedDisplayText: 'Comprar EndulVida游',
      contextInfo: [ContextInfo],
      type: 1
    }
  },
  body: 'Comprar EndulVida游',
  from: '51928113894'
}
[handleMsg]:  {
  key: {
    remoteJid: '51928113894@s.whatsapp.net',
    fromMe: false,
    id: '3EB0BD25EBBFD706FC08',
    participant: undefined
  },
  messageTimestamp: 1676880417,
  pushName: 'Waldir Marquez',
  message: Message {
    messageContextInfo: MessageContextInfo {
      deviceListMetadata: [DeviceListMetadata],
      deviceListMetadataVersion: 2
    },
    buttonsResponseMessage: ButtonsResponseMessage {
      selectedButtonId: 'id-btn-0',
      selectedDisplayText: 'Postres游꼹',
      contextInfo: [ContextInfo],
      type: 1
    }
  },
  body: 'Postres游꼹',
  from: '51928113894'
}
[handleMsg]:  {
  key: {
    remoteJid: '51928113894@s.whatsapp.net',
    fromMe: false,
    id: '3EB03A1438AB9DACAF97',
    participant: undefined
  },
  messageTimestamp: 1676880422,
  pushName: 'Waldir Marquez',
  message: Message {
    messageContextInfo: MessageContextInfo {
      deviceListMetadata: [DeviceListMetadata],
      deviceListMetadataVersion: 2
    },
    buttonsResponseMessage: ButtonsResponseMessage {
      selectedButtonId: 'id-btn-2',
      selectedDisplayText: 'Stevia en Sachets游닍游',
      contextInfo: [ContextInfo],
      type: 1
    }
  },
  body: 'Stevia en Sachets游닍游',
  from: '51928113894'
}
[handleMsg]:  {
  key: {
    remoteJid: '51928113894@s.whatsapp.net',
    fromMe: false,
    id: '3EB03B5201F106C0AAEB',
    participant: undefined
  },
  messageTimestamp: 1676880425,
  pushName: 'Waldir Marquez',
  message: Message {
    conversation: 'ola',
    messageContextInfo: MessageContextInfo {
      deviceListMetadata: [DeviceListMetadata],
      deviceListMetadataVersion: 2
    }
  },
  body: 'ola',
  from: '51928113894'
}
[handleMsg]:  {
  key: {
    remoteJid: '51928113894@s.whatsapp.net',
    fromMe: false,
    id: '3EB0EB44B65437CF25EC',
    participant: undefined
  },
  messageTimestamp: 1676880428,
  pushName: 'Waldir Marquez',
  message: Message {
    messageContextInfo: MessageContextInfo {
      deviceListMetadata: [DeviceListMetadata],
      deviceListMetadataVersion: 2
    },
    buttonsResponseMessage: ButtonsResponseMessage {
      selectedButtonId: 'id-btn-2',
      selectedDisplayText: 'Asesor칤a/Informaci칩n游닇',
      contextInfo: [ContextInfo],
      type: 1
    }
  },
  body: 'Asesor칤a/Informaci칩n游닇',
  from: '51928113894'
}
[handleMsg]:  {
  key: {
    remoteJid: '51928113894@s.whatsapp.net',
    fromMe: false,
    id: '3EB081F482B0FEAEA634',
    participant: undefined
  },
  messageTimestamp: 1676880439,
  pushName: 'Waldir Marquez',
  message: Message {
    conversation: 'hi',
    messageContextInfo: MessageContextInfo {
      deviceListMetadata: [DeviceListMetadata],
      deviceListMetadataVersion: 2
    }
  },
  body: 'hi',
  from: '51928113894'
}
[handleMsg]:  {
  key: {
    remoteJid: '51928113894@s.whatsapp.net',
    fromMe: false,
    id: '3EB03A37C9B8D79260CC',
    participant: undefined
  },
  messageTimestamp: 1676880443,
  pushName: 'Waldir Marquez',
  message: Message {
    messageContextInfo: MessageContextInfo {
      deviceListMetadata: [DeviceListMetadata],
      deviceListMetadataVersion: 2
    },
    buttonsResponseMessage: ButtonsResponseMessage {
      selectedButtonId: 'id-btn-1',
      selectedDisplayText: 'Cat치logo de productos游띐',
      contextInfo: [ContextInfo],
      type: 1
    }
  },
  body: 'Cat치logo de productos游띐',
  from: '51928113894'
}
[handleMsg]:  {
  key: {
    remoteJid: '51928113894@s.whatsapp.net',
    fromMe: false,
    id: '3EB01F2DF6A668C631F0',
    participant: undefined
  },
  messageTimestamp: 1676880448,
  pushName: 'Waldir Marquez',
  message: Message {
    messageContextInfo: MessageContextInfo {
      deviceListMetadata: [DeviceListMetadata],
      deviceListMetadataVersion: 2
    },
    buttonsResponseMessage: ButtonsResponseMessage {
      selectedButtonId: 'id-btn-0',
      selectedDisplayText: 'Comprar EndulVida游',
      contextInfo: [ContextInfo],
      type: 1
    }
  },
  body: 'Comprar EndulVida游',
  from: '51928113894'
}
[handleMsg]:  {
  key: {
    remoteJid: '51928113894@s.whatsapp.net',
    fromMe: false,
    id: '3EB05C8D49D343C608C1',
    participant: undefined
  },
  messageTimestamp: 1676880451,
  pushName: 'Waldir Marquez',
  message: Message {
    messageContextInfo: MessageContextInfo {
      deviceListMetadata: [DeviceListMetadata],
      deviceListMetadataVersion: 2
    },
    buttonsResponseMessage: ButtonsResponseMessage {
      selectedButtonId: 'id-btn-0',
      selectedDisplayText: 'Postres游꼹',
      contextInfo: [ContextInfo],
      type: 1
    }
  },
  body: 'Postres游꼹',
  from: '51928113894'
}
